<?xml version="1.0" encoding="UTF-8"?>
<!-- Generated by org.testng.reporters.JUnitReportReporter -->
<testsuite hostname="DESKTOP-U8TQ32S" failures="0" tests="1" name="testcases.LoginTest" time="23.030" errors="0" timestamp="2023-01-14T07:42:13 PST" skipped="0">
  <testcase classname="testcases.LoginTest" name="testLogin" time="23.030"/>
  <system-out/>
</testsuite> <!-- testcases.LoginTest -->
