<?xml version="1.0" encoding="UTF-8"?>
<!-- Generated by org.testng.reporters.JUnitReportReporter -->
<testsuite hostname="DESKTOP-U8TQ32S" failures="0" tests="6" name="com.bdd.runners.LoginModuleRunner" time="448.052" errors="0" timestamp="2023-01-14T08:23:17 PST" skipped="0">
  <testcase classname="com.bdd.runners.LoginModuleRunner" name="runScenario" time="80.344"/>
  <system-out/>
  <testcase classname="com.bdd.runners.LoginModuleRunner" name="runScenario" time="68.708"/>
  <system-out/>
  <testcase classname="com.bdd.runners.LoginModuleRunner" name="runScenario" time="71.975"/>
  <system-out/>
  <testcase classname="com.bdd.runners.LoginModuleRunner" name="runScenario" time="75.890"/>
  <system-out/>
  <testcase classname="com.bdd.runners.LoginModuleRunner" name="runScenario" time="75.846"/>
  <system-out/>
  <testcase classname="com.bdd.runners.LoginModuleRunner" name="runScenario" time="75.289"/>
  <system-out/>
</testsuite> <!-- com.bdd.runners.LoginModuleRunner -->
